Arguments: 
  C:\Program Files\nodejs\node.exe C:\Program Files (x86)\Yarn\bin\yarn.js add request

PATH: 
  C:\Ruby24-x64\bin;C:\ProgramData\Oracle\Java\javapath;C:\Program Files\Java\jdk1.7.0_45\bin;C:\Windows\system32;C:\Windows;C:\Windows\System32\Wbem;C:\Windows\System32\WindowsPowerShell\v1.0\;C:\Program Files (x86)\Common Files\Lenovo;C:\ProgramData\Lenovo\ReadyApps;C:\Program Files\TortoiseSVN\bin;D:\Git\cmd;C:\Program Files\nodejs\;E:\googleDownloads\cmder;C:\Program Files (x86)\Yarn\bin;C:\Ruby24-x64\lib\ruby\gems\2.4.0\gems\compass-1.0.3\;C:\Ruby24-x64\bin;C:\Users\lenovo\AppData\Local\Programs\Python\Python35\Scripts\;C:\Users\lenovo\AppData\Local\Programs\Python\Python35\;D:\mysql-5.7.11-winx64\mysql-5.7.11-winx64\bin;D:\WebStorm 2017.3.1\jre64\bin;C:\Users\lenovo\AppData\Roaming\npm;C:\Users\lenovo\AppData\Local\Yarn\bin

Yarn version: 
  1.3.2

Node version: 
  8.9.0

Platform: 
  win32 x64

npm manifest: 
  {
    "name": "headless",
    "version": "1.0.0",
    "description": "",
    "main": "index.js",
    "scripts": {
      "test": "echo \"Error: no test specified\" && exit 1"
    },
    "author": "",
    "license": "ISC",
    "dependencies": {
      "puppeteer": "^1.4.0"
    }
  }

yarn manifest: 
  No manifest

Lockfile: 
  No lockfile

Trace: 
  Error: connect ETIMEDOUT 104.18.94.96:443
      at Object._errnoException (util.js:1024:11)
      at _exceptionWithHostPort (util.js:1046:20)
      at TCPConnectWrap.afterConnect [as oncomplete] (net.js:1182:14)
